#
# A fatal error has been detected by the Java Runtime Environment:
#
#  EXCEPTION_ACCESS_VIOLATION (0xc0000005) at pc=0x0000000000000000, pid=8380, tid=628
#
# JRE version: Java(TM) SE Runtime Environment (8.0_45-b15) (build 1.8.0_45-b15)
# Java VM: Java HotSpot(TM) 64-Bit Server VM (25.45-b02 mixed mode windows-amd64 compressed oops)
# Problematic frame:
# C  0x0000000000000000
#
# Failed to write core dump. Minidumps are not enabled by default on client versions of Windows
#
# If you would like to submit a bug report, please visit:
#   http://bugreport.java.com/bugreport/crash.jsp
# The crash happened outside the Java Virtual Machine in native code.
# See problematic frame for where to report the bug.
#

---------------  T H R E A D  ---------------

Current thread (0x00000000198fd000):  JavaThread "AWT-Windows" daemon [_thread_in_native, id=628, stack(0x000000001a2c0000,0x000000001a3c0000)]

siginfo: ExceptionCode=0xc0000005, ExceptionInformation=0x0000000000000008 0x0000000000000000

Registers:
RAX=0x00007ffabe2bda80, RBX=0x000000001d64f480, RCX=0x0000000000000000, RDX=0x000000001dcb3ba8
RSP=0x000000001a3bed38, RBP=0x000000001dcb3ba8, RSI=0x000000001d500280, RDI=0x0000000000000000
R8 =0x000000001d64f480, R9 =0x00007ffab7940000, R10=0x000000001a8a3700, R11=0x000000001a8a3700
R12=0x0000000000000000, R13=0x0000000016c2af50, R14=0x0000000000000000, R15=0x000000001dcbe128
RIP=0x0000000000000000, EFLAGS=0x0000000000010202

Top of Stack: (sp=0x000000001a3bed38)
0x000000001a3bed38:   00007ffabe2bdaf3 0000000000c62ad0
0x000000001a3bed48:   000000006b0000b9 0000000000090801
0x000000001a3bed58:   000000001a3bed08 00007ffabe2bda80
0x000000001a3bed68:   00007ffabe2db957 0000000000000001
0x000000001a3bed78:   0000000000000000 000000001addc560
0x000000001a3bed88:   0000000000000000 000000001d500280
0x000000001a3bed98:   000000001d64f480 000000001dcbe128
0x000000001a3beda8:   0000000000000000 000000001add2840
0x000000001a3bedb8:   00007ffabe2dc33c 000000001add2848
0x000000001a3bedc8:   000000001ae072a8 000000001add2848
0x000000001a3bedd8:   000000006b607084 00007ffabe2f2b60
0x000000001a3bede8:   00007ffabe2bf235 000000001a3bf168
0x000000001a3bedf8:   000000001ae072a8 000000001add2848
0x000000001a3bee08:   0000000000000000 000000001ae3a880
0x000000001a3bee18:   00007ffabe2d5a40 0000000000000000
0x000000001a3bee28:   00007ffabe2cd040 000000001ae033c0 

Instructions: (pc=0x0000000000000000)
0xffffffffffffffe0:   


Register to memory mapping:

RAX=0x00007ffabe2bda80 is an unknown value
RBX=0x000000001d64f480 is an unknown value
RCX=0x0000000000000000 is an unknown value
RDX=0x000000001dcb3ba8 is an unknown value
RSP=0x000000001a3bed38 is pointing into the stack for thread: 0x00000000198fd000
RBP=0x000000001dcb3ba8 is an unknown value
RSI=0x000000001d500280 is an unknown value
RDI=0x0000000000000000 is an unknown value
R8 =0x000000001d64f480 is an unknown value
R9 =0x00007ffab7940000 is an unknown value
R10=0x000000001a8a3700 is an unknown value
R11=0x000000001a8a3700 is an unknown value
R12=0x0000000000000000 is an unknown value
R13={method} {0x0000000016c2af58} 'eventLoop' '()V' in 'sun/awt/windows/WToolkit'
R14=0x0000000000000000 is an unknown value
R15=0x000000001dcbe128 is an unknown value


Stack: [0x000000001a2c0000,0x000000001a3c0000],  sp=0x000000001a3bed38,  free space=1019k
Native frames: (J=compiled Java code, j=interpreted, Vv=VM code, C=native code)

Java frames: (J=compiled Java code, j=interpreted, Vv=VM code)
j  sun.awt.windows.WToolkit.eventLoop()V+0
j  sun.awt.windows.WToolkit.run()V+58
j  java.lang.Thread.run()V+11
v  ~StubRoutines::call_stub

---------------  P R O C E S S  ---------------

Java Threads: ( => current thread )
  0x0000000019a6f000 JavaThread "Thread-0" daemon [_thread_in_native, id=7276, stack(0x00000000208b0000,0x00000000209b0000)]
  0x0000000002370800 JavaThread "DestroyJavaVM" [_thread_blocked, id=5904, stack(0x0000000002270000,0x0000000002370000)]
  0x0000000019b0d000 JavaThread "Play Thread" [_thread_in_native, id=3560, stack(0x00000000207b0000,0x00000000208b0000)]
  0x0000000019a63000 JavaThread "TimerQueue" daemon [_thread_blocked, id=10156, stack(0x00000000202b0000,0x00000000203b0000)]
  0x0000000019a20800 JavaThread "AWT-EventQueue-0" [_thread_blocked, id=10184, stack(0x000000001f490000,0x000000001f590000)]
=>0x00000000198fd000 JavaThread "AWT-Windows" daemon [_thread_in_native, id=628, stack(0x000000001a2c0000,0x000000001a3c0000)]
  0x00000000198fc800 JavaThread "AWT-Shutdown" [_thread_blocked, id=7600, stack(0x000000001a1c0000,0x000000001a2c0000)]
  0x000000001990a000 JavaThread "Java2D Disposer" daemon [_thread_blocked, id=3832, stack(0x000000001a0c0000,0x000000001a1c0000)]
  0x000000001919a000 JavaThread "Service Thread" daemon [_thread_blocked, id=8088, stack(0x0000000019520000,0x0000000019620000)]
  0x00000000172a6800 JavaThread "C1 CompilerThread2" daemon [_thread_blocked, id=5528, stack(0x0000000019020000,0x0000000019120000)]
  0x00000000172a4800 JavaThread "C2 CompilerThread1" daemon [_thread_blocked, id=5468, stack(0x0000000018f20000,0x0000000019020000)]
  0x00000000172a1800 JavaThread "C2 CompilerThread0" daemon [_thread_blocked, id=9780, stack(0x0000000018e20000,0x0000000018f20000)]
  0x000000001729e000 JavaThread "Attach Listener" daemon [_thread_blocked, id=9884, stack(0x0000000018d20000,0x0000000018e20000)]
  0x000000001729d000 JavaThread "Signal Dispatcher" daemon [_thread_blocked, id=6668, stack(0x0000000018c20000,0x0000000018d20000)]
  0x0000000002467800 JavaThread "Finalizer" daemon [_thread_blocked, id=7428, stack(0x0000000018b20000,0x0000000018c20000)]
  0x0000000002461000 JavaThread "Reference Handler" daemon [_thread_blocked, id=4592, stack(0x0000000018a20000,0x0000000018b20000)]

Other Threads:
  0x0000000017268000 VMThread [stack: 0x0000000018920000,0x0000000018a20000] [id=1948]
  0x00000000191a0000 WatcherThread [stack: 0x0000000019620000,0x0000000019720000] [id=5340]

VM state:not at safepoint (normal execution)

VM Mutex/Monitor currently owned by a thread: None

Heap:
 PSYoungGen      total 38400K, used 30337K [0x00000000d5900000, 0x00000000d8380000, 0x0000000100000000)
  eden space 33280K, 91% used [0x00000000d5900000,0x00000000d76a04c8,0x00000000d7980000)
  from space 5120K, 0% used [0x00000000d7e80000,0x00000000d7e80000,0x00000000d8380000)
  to   space 5120K, 0% used [0x00000000d7980000,0x00000000d7980000,0x00000000d7e80000)
 ParOldGen       total 87552K, used 0K [0x0000000080a00000, 0x0000000085f80000, 0x00000000d5900000)
  object space 87552K, 0% used [0x0000000080a00000,0x0000000080a00000,0x0000000085f80000)
 Metaspace       used 13552K, capacity 13736K, committed 13952K, reserved 1060864K
  class space    used 1706K, capacity 1794K, committed 1920K, reserved 1048576K

Card table byte_map: [0x0000000011830000,0x0000000011c30000] byte_map_base: 0x000000001142b000

Marking Bits: (ParMarkBitMap*) 0x000000006bcb4040
 Begin Bits: [0x00000000124e0000, 0x00000000144b8000)
 End Bits:   [0x00000000144b8000, 0x0000000016490000)

Polling page: 0x0000000000a70000

CodeCache: size=245760Kb used=4812Kb max_used=4825Kb free=240947Kb
 bounds [0x0000000002470000, 0x0000000002930000, 0x0000000011470000]
 total_blobs=1917 nmethods=1388 adapters=442
 compilation: enabled

Compilation events (10 events):
Event: 39.233 Thread 0x00000000172a1800 1385       4       java.awt.Component::getFocusTraversalKeys_NoIDCheck (47 bytes)
Event: 39.233 Thread 0x00000000172a1800 nmethod 1385 0x000000000291b490 code [0x000000000291b5e0, 0x000000000291b698]
Event: 40.364 Thread 0x00000000172a6800 1386       3       java.lang.Integer::stringSize (21 bytes)
Event: 40.364 Thread 0x00000000172a6800 nmethod 1386 0x000000000291b010 code [0x000000000291b180, 0x000000000291b390]
Event: 40.364 Thread 0x00000000172a6800 1387       3       java.lang.Integer::getChars (131 bytes)
Event: 40.365 Thread 0x00000000172a6800 nmethod 1387 0x000000000291c250 code [0x000000000291c3e0, 0x000000000291c850]
Event: 40.981 Thread 0x00000000172a4800 1388       4       java.awt.Component::getCursor_NoClientCode (30 bytes)
Event: 40.982 Thread 0x00000000172a4800 nmethod 1388 0x000000000291acd0 code [0x000000000291ae20, 0x000000000291aee8]
Event: 41.113 Thread 0x00000000172a1800 1389       4       sun.awt.EventQueueDelegate::getDelegate (13 bytes)
Event: 41.114 Thread 0x00000000172a1800 nmethod 1389 0x000000000291be90 code [0x000000000291bfe0, 0x000000000291c128]

GC Heap History (0 events):
No events

Deoptimization events (10 events):
Event: 2.512 Thread 0x0000000019a20800 Uncommon trap: reason=class_check action=maybe_recompile pc=0x0000000002755d70 method=sun.java2d.loops.Blit.getFromCache(Lsun/java2d/loops/SurfaceType;Lsun/java2d/loops/CompositeType;Lsun/java2d/loops/SurfaceType;)Lsun/java2d/loops/Blit; @ 15
Event: 2.512 Thread 0x0000000019a20800 Uncommon trap: reason=class_check action=maybe_recompile pc=0x000000000276ec40 method=sun.java2d.d3d.D3DBlitLoops.IsoBlit(Lsun/java2d/SurfaceData;Lsun/java2d/SurfaceData;Ljava/awt/image/BufferedImage;Ljava/awt/image/BufferedImageOp;Ljava/awt/Composite;Lsun|±-È"1@
Event: 17.135 Thread 0x0000000019a20800 Uncommon trap: reason=class_check action=maybe_recompile pc=0x00000000027627b0 method=sun.java2d.SunGraphics2D.drawImage(Ljava/awt/Image;IILjava/awt/Color;Ljava/awt/image/ImageObserver;)Z @ 66
Event: 17.135 Thread 0x0000000019a20800 Uncommon trap: reason=class_check action=maybe_recompile pc=0x0000000002755d70 method=sun.java2d.loops.Blit.getFromCache(Lsun/java2d/loops/SurfaceType;Lsun/java2d/loops/CompositeType;Lsun/java2d/loops/SurfaceType;)Lsun/java2d/loops/Blit; @ 15
Event: 17.135 Thread 0x0000000019a20800 Uncommon trap: reason=class_check action=maybe_recompile pc=0x000000000276ec40 method=sun.java2d.d3d.D3DBlitLoops.IsoBlit(Lsun/java2d/SurfaceData;Lsun/java2d/SurfaceData;Ljava/awt/image/BufferedImage;Ljava/awt/image/BufferedImageOp;Ljava/awt/Composite;Lsun.Ë8˛"1@
Event: 17.137 Thread 0x0000000019a20800 Uncommon trap: reason=class_check action=maybe_recompile pc=0x00000000027627b0 method=sun.java2d.SunGraphics2D.drawImage(Ljava/awt/Image;IILjava/awt/Color;Ljava/awt/image/ImageObserver;)Z @ 66
Event: 17.137 Thread 0x0000000019a20800 Uncommon trap: reason=class_check action=maybe_recompile pc=0x0000000002755d70 method=sun.java2d.loops.Blit.getFromCache(Lsun/java2d/loops/SurfaceType;Lsun/java2d/loops/CompositeType;Lsun/java2d/loops/SurfaceType;)Lsun/java2d/loops/Blit; @ 15
Event: 17.137 Thread 0x0000000019a20800 Uncommon trap: reason=class_check action=maybe_recompile pc=0x000000000276ec40 method=sun.java2d.d3d.D3DBlitLoops.IsoBlit(Lsun/java2d/SurfaceData;Lsun/java2d/SurfaceData;Ljava/awt/image/BufferedImage;Ljava/awt/image/BufferedImageOp;Ljava/awt/Composite;Lsun»èÌ◊Œ'E@
Event: 42.311 Thread 0x0000000019a20800 Uncommon trap: reason=class_check action=maybe_recompile pc=0x0000000002925c4c method=java.awt.Component.dispatchEventImpl(Ljava/awt/AWTEvent;)V @ 589
Event: 42.312 Thread 0x0000000019b0d000 Uncommon trap: reason=unstable_if action=reinterpret pc=0x0000000002756a88 method=sun.java2d.SurfaceDataProxy.replaceData(Lsun/java2d/SurfaceData;ILsun/java2d/loops/CompositeType;Ljava/awt/Color;)Lsun/java2d/SurfaceData; @ 113

Internal exceptions (10 events):
Event: 0.045 Thread 0x0000000002370800 Exception <a 'java/lang/NoSuchMethodError': Method sun.misc.Unsafe.prefetchRead(Ljava/lang/Object;J)V name or signature does not match> (0x00000000d590d550) thrown at [C:\re\workspace\8-2-build-windows-amd64-cygwin\jdk8u45\3627\hotspot\src\share\vm\prims\jß◊95Kæ?
Event: 0.118 Thread 0x0000000002370800 Exception <a 'java/security/PrivilegedActionException'> (0x00000000d5985548) thrown at [C:\re\workspace\8-2-build-windows-amd64-cygwin\jdk8u45\3627\hotspot\src\share\vm\prims\jvm.cpp, line 1382]
Event: 0.118 Thread 0x0000000002370800 Exception <a 'java/security/PrivilegedActionException'> (0x00000000d5985700) thrown at [C:\re\workspace\8-2-build-windows-amd64-cygwin\jdk8u45\3627\hotspot\src\share\vm\prims\jvm.cpp, line 1382]
Event: 0.119 Thread 0x0000000002370800 Exception <a 'java/security/PrivilegedActionException'> (0x00000000d5989498) thrown at [C:\re\workspace\8-2-build-windows-amd64-cygwin\jdk8u45\3627\hotspot\src\share\vm\prims\jvm.cpp, line 1382]
Event: 0.119 Thread 0x0000000002370800 Exception <a 'java/security/PrivilegedActionException'> (0x00000000d5989650) thrown at [C:\re\workspace\8-2-build-windows-amd64-cygwin\jdk8u45\3627\hotspot\src\share\vm\prims\jvm.cpp, line 1382]
Event: 0.139 Thread 0x0000000002370800 Exception <a 'java/io/FileNotFoundException'> (0x00000000d5b12ff0) thrown at [C:\re\workspace\8-2-build-windows-amd64-cygwin\jdk8u45\3627\hotspot\src\share\vm\prims\jni.cpp, line 709]
Event: 0.169 Thread 0x0000000002370800 Exception <a 'java/io/FileNotFoundException'> (0x00000000d5b32b40) thrown at [C:\re\workspace\8-2-build-windows-amd64-cygwin\jdk8u45\3627\hotspot\src\share\vm\prims\jni.cpp, line 709]
Event: 0.210 Thread 0x0000000002370800 Exception <a 'java/lang/NoSuchFieldError': method resolution failed> (0x00000000d5c06990) thrown at [C:\re\workspace\8-2-build-windows-amd64-cygwin\jdk8u45\3627\hotspot\src\share\vm\prims\methodHandles.cpp, line 1125]
Event: 0.212 Thread 0x0000000002370800 Exception <a 'java/lang/NoSuchFieldError': method resolution failed> (0x00000000d5c153d0) thrown at [C:\re\workspace\8-2-build-windows-amd64-cygwin\jdk8u45\3627\hotspot\src\share\vm\prims\methodHandles.cpp, line 1125]
Event: 2.501 Thread 0x0000000019b0d000 Implicit null exception at 0x000000000276cf48 to 0x000000000276d161

Events (10 events):
Event: 42.312 Thread 0x0000000019a70000 Thread exited: 0x0000000019a70000
Event: 42.312 Thread 0x0000000019a40000 Thread exited: 0x0000000019a40000
Event: 42.312 loading class sun/java2d/pipe/hw/AccelDeviceEventNotifier
Event: 42.312 loading class sun/awt/shell/Win32ShellFolderManager2$ComInvoker$1$1 done
Event: 42.312 Thread 0x000000001940f000 Thread exited: 0x000000001940f000
Event: 42.312 loading class sun/java2d/pipe/hw/AccelDeviceEventNotifier done
Event: 42.312 Thread 0x0000000019a6f800 Thread exited: 0x0000000019a6f800
Event: 42.312 Thread 0x0000000019b0d000 Uncommon trap: trap_request=0xffffff65 fr.pc=0x0000000002756a88
Event: 42.312 Thread 0x0000000019b0d000 DEOPT PACKING pc=0x0000000002756a88 sp=0x00000000208af100
Event: 42.312 Thread 0x0000000019b0d000 DEOPT UNPACKING pc=0x00000000024b582a sp=0x00000000208af060 mode 2


Dynamic libraries:
0x00007ff7e4ae0000 - 0x00007ff7e4b17000 	C:\Program Files\Java\jdk1.8.0_45\bin\javaw.exe
0x00007ffadbce0000 - 0x00007ffadbea1000 	C:\WINDOWS\SYSTEM32\ntdll.dll
0x00007ffad97c0000 - 0x00007ffad986d000 	C:\WINDOWS\system32\KERNEL32.DLL
0x00007ffad8810000 - 0x00007ffad89ed000 	C:\WINDOWS\system32\KERNELBASE.dll
0x00007ffadaf80000 - 0x00007ffadb026000 	C:\WINDOWS\system32\ADVAPI32.dll
0x00007ffadb350000 - 0x00007ffadb3ed000 	C:\WINDOWS\system32\msvcrt.dll
0x00007ffadb190000 - 0x00007ffadb1eb000 	C:\WINDOWS\system32\sechost.dll
0x00007ffadbbb0000 - 0x00007ffadbcd6000 	C:\WINDOWS\system32\RPCRT4.dll
0x00007ffad95f0000 - 0x00007ffad973e000 	C:\WINDOWS\system32\USER32.dll
0x00007ffadb670000 - 0x00007ffadb7f6000 	C:\WINDOWS\system32\GDI32.dll
0x00007fface560000 - 0x00007fface7d4000 	C:\WINDOWS\WinSxS\amd64_microsoft.windows.common-controls_6595b64144ccf1df_6.0.10240.16384_none_f41f7b285750ef43\COMCTL32.dll
0x00007ffadb0f0000 - 0x00007ffadb126000 	C:\WINDOWS\system32\IMM32.DLL
0x00007ffadb1f0000 - 0x00007ffadb34c000 	C:\WINDOWS\system32\MSCTF.dll
0x000000006bd40000 - 0x000000006be12000 	C:\Program Files\Java\jdk1.8.0_45\jre\bin\msvcr100.dll
0x000000006b4b0000 - 0x000000006bd33000 	C:\Program Files\Java\jdk1.8.0_45\jre\bin\server\jvm.dll
0x00007ffad95e0000 - 0x00007ffad95e8000 	C:\WINDOWS\system32\PSAPI.DLL
0x00007ffad5600000 - 0x00007ffad560a000 	C:\WINDOWS\SYSTEM32\VERSION.dll
0x00007ffad6d60000 - 0x00007ffad6d83000 	C:\WINDOWS\SYSTEM32\WINMM.dll
0x00007ffad6e10000 - 0x00007ffad6e19000 	C:\WINDOWS\SYSTEM32\WSOCK32.dll
0x00007ffadadc0000 - 0x00007ffadae29000 	C:\WINDOWS\system32\WS2_32.dll
0x00007ffadbba0000 - 0x00007ffadbba8000 	C:\WINDOWS\system32\NSI.dll
0x0000000002200000 - 0x000000000222c000 	C:\WINDOWS\SYSTEM32\WINMMBASE.dll
0x00007ffad9360000 - 0x00007ffad93a4000 	C:\WINDOWS\system32\cfgmgr32.dll
0x00007ffad7080000 - 0x00007ffad70a7000 	C:\WINDOWS\SYSTEM32\DEVOBJ.dll
0x000000006b4a0000 - 0x000000006b4af000 	C:\Program Files\Java\jdk1.8.0_45\jre\bin\verify.dll
0x000000006b470000 - 0x000000006b499000 	C:\Program Files\Java\jdk1.8.0_45\jre\bin\java.dll
0x000000006b450000 - 0x000000006b466000 	C:\Program Files\Java\jdk1.8.0_45\jre\bin\zip.dll
0x00007ffad9870000 - 0x00007ffadad92000 	C:\WINDOWS\system32\SHELL32.dll
0x00007ffad89f0000 - 0x00007ffad9018000 	C:\WINDOWS\system32\windows.storage.dll
0x00007ffadb3f0000 - 0x00007ffadb66c000 	C:\WINDOWS\system32\combase.dll
0x00007ffadb8e0000 - 0x00007ffadb931000 	C:\WINDOWS\system32\shlwapi.dll
0x00007ffad8760000 - 0x00007ffad876f000 	C:\WINDOWS\system32\kernel.appcore.dll
0x00007ffad9020000 - 0x00007ffad90d3000 	C:\WINDOWS\system32\shcore.dll
0x00007ffad8710000 - 0x00007ffad875a000 	C:\WINDOWS\system32\powrprof.dll
0x00007ffad8770000 - 0x00007ffad8783000 	C:\WINDOWS\system32\profapi.dll
0x000000006b2b0000 - 0x000000006b448000 	C:\Program Files\Java\jdk1.8.0_45\jre\bin\awt.dll
0x00007ffadb030000 - 0x00007ffadb0ee000 	C:\WINDOWS\system32\OLEAUT32.dll
0x00007ffad6e60000 - 0x00007ffad6ed8000 	C:\WINDOWS\system32\apphelp.dll
0x00007ffad5fc0000 - 0x00007ffad5fe2000 	C:\WINDOWS\system32\DWMAPI.DLL
0x00007ffad6fe0000 - 0x00007ffad7076000 	C:\WINDOWS\system32\uxtheme.dll
0x00007ffadae30000 - 0x00007ffadaf71000 	C:\WINDOWS\system32\ole32.dll
0x00007ffad8530000 - 0x00007ffad859b000 	C:\WINDOWS\SYSTEM32\bcryptPrimitives.dll
0x00007ffabe2b0000 - 0x00007ffabe4c0000 	C:\WINDOWS\system32\d3d9.dll
0x00007ffad53e0000 - 0x00007ffad5547000 	C:\WINDOWS\SYSTEM32\aticfx64.dll
0x00007ffaccff0000 - 0x00007ffacd011000 	C:\WINDOWS\SYSTEM32\atiu9p64.dll
0x00007ffab7940000 - 0x00007ffab8199000 	C:\WINDOWS\SYSTEM32\atiumd64.dll
0x000000006aa20000 - 0x000000006b2a8000 	C:\WINDOWS\SYSTEM32\atiumd6a.dll
0x00007ffad7fe0000 - 0x00007ffad7ff7000 	C:\WINDOWS\SYSTEM32\CRYPTSP.dll
0x00007ffad85a0000 - 0x00007ffad85c8000 	C:\WINDOWS\SYSTEM32\bcrypt.dll
0x00007ffad7c30000 - 0x00007ffad7c63000 	C:\WINDOWS\system32\rsaenh.dll
0x00007ffad7d20000 - 0x00007ffad7d3f000 	C:\WINDOWS\SYSTEM32\USERENV.dll
0x00007ffad8150000 - 0x00007ffad815b000 	C:\WINDOWS\SYSTEM32\CRYPTBASE.dll
0x000000006aa00000 - 0x000000006aa1a000 	C:\Program Files\Java\jdk1.8.0_45\jre\bin\net.dll
0x00007ffad7f80000 - 0x00007ffad7fdd000 	C:\WINDOWS\system32\mswsock.dll
0x00007ffad6220000 - 0x00007ffad6258000 	C:\WINDOWS\SYSTEM32\IPHLPAPI.DLL
0x00007ffad61e0000 - 0x00007ffad61eb000 	C:\WINDOWS\SYSTEM32\WINNSI.DLL
0x00007ffad5560000 - 0x00007ffad5576000 	C:\WINDOWS\SYSTEM32\dhcpcsvc6.DLL
0x00007ffad5320000 - 0x00007ffad533a000 	C:\WINDOWS\SYSTEM32\dhcpcsvc.DLL
0x000000006a9e0000 - 0x000000006a9f1000 	C:\Program Files\Java\jdk1.8.0_45\jre\bin\nio.dll
0x000000006a990000 - 0x000000006a9d7000 	C:\Program Files\Java\jdk1.8.0_45\jre\bin\fontmanager.dll
0x00007ffad90e0000 - 0x00007ffad918a000 	C:\WINDOWS\WinSxS\amd64_microsoft.windows.common-controls_6595b64144ccf1df_5.82.10240.16384_none_0212ec7eba871e86\comctl32.dll
0x000000006a940000 - 0x000000006a981000 	C:\Program Files\Java\jdk1.8.0_45\jre\bin\t2k.dll
0x00007ffadbaf0000 - 0x00007ffadbb95000 	C:\WINDOWS\system32\clbcatq.dll
0x00007ffad44c0000 - 0x00007ffad4672000 	C:\WINDOWS\SYSTEM32\WindowsCodecs.dll
0x00007ffad02e0000 - 0x00007ffad0326000 	C:\WINDOWS\system32\dataexchange.dll
0x00007ffad6780000 - 0x00007ffad6851000 	C:\WINDOWS\system32\dcomp.dll
0x00007ffad5960000 - 0x00007ffad5c03000 	C:\WINDOWS\system32\d3d11.dll
0x00007ffacf850000 - 0x00007ffacfd95000 	C:\WINDOWS\system32\d2d1.dll
0x00007ffad58c0000 - 0x00007ffad595c000 	C:\WINDOWS\system32\dxgi.dll
0x00007ffad70d0000 - 0x00007ffad71be000 	C:\WINDOWS\system32\twinapi.appcore.dll
0x00007ffad3120000 - 0x00007ffad32aa000 	C:\WINDOWS\SYSTEM32\dbghelp.dll

VM Arguments:
jvm_args: -Dfile.encoding=Cp1252 
java_command: billywangwang.main.Game
java_class_path (initial): C:\Users\Billy\Dropbox\Top Down RPG\Game-Source\bin;C:\Users\Billy\Dropbox\Top Down RPG\Game-Source\res;C:\Users\Billy\Dropbox\Top Down RPG\Constants Builds\Constants.jar
Launcher Type: SUN_STANDARD

Environment Variables:
PATH=C:/Program Files/Java/jre1.8.0_65/bin/server;C:/Program Files/Java/jre1.8.0_65/bin;C:/Program Files/Java/jre1.8.0_65/lib/amd64;C:\Program Files (x86)\NVIDIA Corporation\PhysX\Common;C:\ProgramData\Oracle\Java\javapath;C:\Python34\;C:\Program Files\Java\jdk1.8.0_60\bin\;C:\WINDOWS\system32;C:\WINDOWS;C:\WINDOWS\System32\Wbem;C:\WINDOWS\System32\WindowsPowerShell\v1.0\;C:\Program Files (x86)\ATI Technologies\ATI.ACE\Core-Static;C:\Program Files (x86)\Skype\Phone\;;D:\Programs\Eclipse;
USERNAME=Billy
OS=Windows_NT
PROCESSOR_IDENTIFIER=AMD64 Family 21 Model 2 Stepping 0, AuthenticAMD



---------------  S Y S T E M  ---------------

OS: Windows 10.0 , 64 bit Build 10240 (10.0.10240.16384)

CPU:total 6 (6 cores per cpu, 1 threads per core) family 21 model 2 stepping 0, cmov, cx8, fxsr, mmx, sse, sse2, sse3, ssse3, sse4.1, sse4.2, popcnt, avx, aes, clmul, mmxext, 3dnowpref, lzcnt, sse4a, tsc, tscinvbit, tscinv, bmi1

Memory: 4k page, physical 8345520k(4564856k free), swap 9656240k(4582948k free)

vm_info: Java HotSpot(TM) 64-Bit Server VM (25.45-b02) for windows-amd64 JRE (1.8.0_45-b15), built on Apr 30 2015 12:40:44 by "java_re" with MS VC++ 10.0 (VS2010)

time: Wed Jan 13 19:56:24 2016
elapsed time: 42 seconds (0d 0h 0m 42s)

